<?xml version="1.0" encoding="UTF-8"?>
<!-- Generated by org.testng.reporters.JUnitReportReporter -->
<testsuite hostname="Swathi" failures="0" tests="1" name="keyworddriven.KeywordDataDrivenFramework" time="10.193" errors="1" timestamp="2020-06-24T13:40:29 IST" skipped="0">
  <testcase classname="keyworddriven.KeywordDataDrivenFramework" name="myTest" time="10.193">
    <error message="session not created: This version of ChromeDriver only supports Chrome version 84
Build info: version: &#039;3.141.59&#039;, revision: &#039;e82be7d358&#039;, time: &#039;2018-11-14T08:17:03&#039;
System info: host: &#039;SWATHI&#039;, ip: &#039;192.168.43.39&#039;, os.name: &#039;Windows 7&#039;, os.arch: &#039;amd64&#039;, os.version: &#039;6.1&#039;, java.version: &#039;11.0.1&#039;
Driver info: driver.version: ChromeDriver
remote stacktrace: Backtrace:
	Ordinal0 [0x004087E3+2852835]
	Ordinal0 [0x002F5BB1+1727409]
	Ordinal0 [0x001CE4B9+517305]
	Ordinal0 [0x00160BA0+68512]
	Ordinal0 [0x0015D3A0+54176]
	Ordinal0 [0x0017D9F7+186871]
	Ordinal0 [0x0017D7FD+186365]
	Ordinal0 [0x0017B70B+177931]
	Ordinal0 [0x00162584+75140]
	Ordinal0 [0x00163650+79440]
	Ordinal0 [0x001635E9+79337]
	Ordinal0 [0x0030AD5C+1813852]
	GetHandleVerifier [0x0052C616+1075574]
	GetHandleVerifier [0x0052C367+1074887]
	GetHandleVerifier [0x00537497+1120247]
	GetHandleVerifier [0x0052CC16+1077110]
	Ordinal0 [0x00303206+1782278]
	Ordinal0 [0x0030C3BB+1819579]
	Ordinal0 [0x0030C523+1819939]
	Ordinal0 [0x00322B45+1911621]
	BaseThreadInitThunk [0x74B5343D+18]
	RtlInitializeExceptionChain [0x77179812+99]
	RtlInitializeExceptionChain [0x771797E5+54]
" type="org.openqa.selenium.SessionNotCreatedException">
      <![CDATA[org.openqa.selenium.SessionNotCreatedException: session not created: This version of ChromeDriver only supports Chrome version 84
Build info: version: '3.141.59', revision: 'e82be7d358', time: '2018-11-14T08:17:03'
System info: host: 'SWATHI', ip: '192.168.43.39', os.name: 'Windows 7', os.arch: 'amd64', os.version: '6.1', java.version: '11.0.1'
Driver info: driver.version: ChromeDriver
remote stacktrace: Backtrace:
Ordinal0 [0x004087E3+2852835]
Ordinal0 [0x002F5BB1+1727409]
Ordinal0 [0x001CE4B9+517305]
Ordinal0 [0x00160BA0+68512]
Ordinal0 [0x0015D3A0+54176]
Ordinal0 [0x0017D9F7+186871]
Ordinal0 [0x0017D7FD+186365]
Ordinal0 [0x0017B70B+177931]
Ordinal0 [0x00162584+75140]
Ordinal0 [0x00163650+79440]
Ordinal0 [0x001635E9+79337]
Ordinal0 [0x0030AD5C+1813852]
GetHandleVerifier [0x0052C616+1075574]
GetHandleVerifier [0x0052C367+1074887]
GetHandleVerifier [0x00537497+1120247]
GetHandleVerifier [0x0052CC16+1077110]
Ordinal0 [0x00303206+1782278]
Ordinal0 [0x0030C3BB+1819579]
Ordinal0 [0x0030C523+1819939]
Ordinal0 [0x00322B45+1911621]
BaseThreadInitThunk [0x74B5343D+18]
RtlInitializeExceptionChain [0x77179812+99]
RtlInitializeExceptionChain [0x771797E5+54]

at java.base/jdk.internal.reflect.NativeConstructorAccessorImpl.newInstance0(Native Method)
at java.base/jdk.internal.reflect.NativeConstructorAccessorImpl.newInstance(NativeConstructorAccessorImpl.java:62)
at java.base/jdk.internal.reflect.DelegatingConstructorAccessorImpl.newInstance(DelegatingConstructorAccessorImpl.java:45)
at java.base/java.lang.reflect.Constructor.newInstance(Constructor.java:490)
at org.openqa.selenium.remote.W3CHandshakeResponse.lambda$errorHandler$0(W3CHandshakeResponse.java:62)
at org.openqa.selenium.remote.HandshakeResponse.lambda$getResponseFunction$0(HandshakeResponse.java:30)
at org.openqa.selenium.remote.ProtocolHandshake.lambda$createSession$0(ProtocolHandshake.java:126)
at java.base/java.util.stream.ReferencePipeline$3$1.accept(ReferencePipeline.java:195)
at java.base/java.util.Spliterators$ArraySpliterator.tryAdvance(Spliterators.java:958)
at java.base/java.util.stream.ReferencePipeline.forEachWithCancel(ReferencePipeline.java:127)
at java.base/java.util.stream.AbstractPipeline.copyIntoWithCancel(AbstractPipeline.java:502)
at java.base/java.util.stream.AbstractPipeline.copyInto(AbstractPipeline.java:488)
at java.base/java.util.stream.AbstractPipeline.wrapAndCopyInto(AbstractPipeline.java:474)
at java.base/java.util.stream.FindOps$FindOp.evaluateSequential(FindOps.java:150)
at java.base/java.util.stream.AbstractPipeline.evaluate(AbstractPipeline.java:234)
at java.base/java.util.stream.ReferencePipeline.findFirst(ReferencePipeline.java:543)
at org.openqa.selenium.remote.ProtocolHandshake.createSession(ProtocolHandshake.java:128)
at org.openqa.selenium.remote.ProtocolHandshake.createSession(ProtocolHandshake.java:74)
at org.openqa.selenium.remote.HttpCommandExecutor.execute(HttpCommandExecutor.java:136)
at org.openqa.selenium.remote.service.DriverCommandExecutor.execute(DriverCommandExecutor.java:83)
at org.openqa.selenium.remote.RemoteWebDriver.execute(RemoteWebDriver.java:552)
at org.openqa.selenium.remote.RemoteWebDriver.startSession(RemoteWebDriver.java:213)
at org.openqa.selenium.remote.RemoteWebDriver.<init>(RemoteWebDriver.java:131)
at org.openqa.selenium.chrome.ChromeDriver.<init>(ChromeDriver.java:181)
at org.openqa.selenium.chrome.ChromeDriver.<init>(ChromeDriver.java:168)
at org.openqa.selenium.chrome.ChromeDriver.<init>(ChromeDriver.java:123)
at keyworddriven.KeywordDataDrivenFramework.myTest(KeywordDataDrivenFramework.java:38)
at java.base/jdk.internal.reflect.NativeMethodAccessorImpl.invoke0(Native Method)
at java.base/jdk.internal.reflect.NativeMethodAccessorImpl.invoke(NativeMethodAccessorImpl.java:62)
at java.base/jdk.internal.reflect.DelegatingMethodAccessorImpl.invoke(DelegatingMethodAccessorImpl.java:43)
at java.base/java.lang.reflect.Method.invoke(Method.java:566)
at org.testng.internal.MethodInvocationHelper.invokeMethod(MethodInvocationHelper.java:135)
at org.testng.internal.TestInvoker.invokeMethod(TestInvoker.java:598)
at org.testng.internal.TestInvoker.invokeTestMethod(TestInvoker.java:174)
at org.testng.internal.MethodRunner.runInSequence(MethodRunner.java:46)
at org.testng.internal.TestInvoker$MethodInvocationAgent.invoke(TestInvoker.java:821)
at org.testng.internal.TestInvoker.invokeTestMethods(TestInvoker.java:147)
at org.testng.internal.TestMethodWorker.invokeTestMethods(TestMethodWorker.java:146)
at org.testng.internal.TestMethodWorker.run(TestMethodWorker.java:128)
at java.base/java.util.ArrayList.forEach(ArrayList.java:1540)
at org.testng.TestRunner.privateRun(TestRunner.java:767)
at org.testng.TestRunner.run(TestRunner.java:588)
at org.testng.SuiteRunner.runTest(SuiteRunner.java:384)
at org.testng.SuiteRunner.runSequentially(SuiteRunner.java:378)
at org.testng.SuiteRunner.privateRun(SuiteRunner.java:337)
at org.testng.SuiteRunner.run(SuiteRunner.java:286)
at org.testng.SuiteRunnerWorker.runSuite(SuiteRunnerWorker.java:53)
at org.testng.SuiteRunnerWorker.run(SuiteRunnerWorker.java:96)
at org.testng.TestNG.runSuitesSequentially(TestNG.java:1214)
at org.testng.TestNG.runSuitesLocally(TestNG.java:1136)
at org.testng.TestNG.runSuites(TestNG.java:1066)
at org.testng.TestNG.run(TestNG.java:1034)
at org.testng.remote.AbstractRemoteTestNG.run(AbstractRemoteTestNG.java:115)
at org.testng.remote.RemoteTestNG.initAndRun(RemoteTestNG.java:251)
at org.testng.remote.RemoteTestNG.main(RemoteTestNG.java:77)
]]>
    </error>
  </testcase> <!-- myTest -->
  <system-out/>
</testsuite> <!-- keyworddriven.KeywordDataDrivenFramework -->
